MPASM  5.35             LEDCAMBIACOLORADC.ASM   8-31-2016  16:14:45         PAGE  1


LOC  OBJECT CODE     LINE SOURCE TEXT
  VALUE

                      00001 ;-------------------------------------------------------------------------------------------------------
                            ----
                      00002 ; Proyecto: Led Cambia Color con ADC
                      00003 ; Autor: Inventable
                      00004 ; Fecha: 01/06/2011
                      00005 ; Micro: PIC12F629
                      00006 ; Clock: oscilador interno 4MHz
                      00007 ;-------------------------------------------------------------------------------------------------------
                            ----
                      00008         ERRORLEVEL -302         
                      00009         LIST    P = 12F629, r=DEC, n=66
                      00010     INCLUDE         "P12F629.INC"
                      00001         LIST
                      00002 ; P12F629.INC  Standard Header File, Version 1.04    Microchip Technology, Inc.
                      00258         LIST
                      00011 
                      00012 ;-------------------------------------------------------------------------------------------------------
                            ----
                      00013 ; Pin del circuito
                      00014 ; ===============================
                      00015 ;-------------------------------------------------------------------------------------------------------
                            ----
                      00016 
                      00017 #define         p_rojo  GPIO,0                          ; pin del canal rojo 
                      00018 #define         p_verde GPIO,1                          ; pin del canal verde 
                      00019 #define         p_azul  GPIO,2                          ; pin del canal azul
                      00020 #define         p_adc   GPIO,5                          ; pinde del ADC
                      00021 
                      00022 #define         IOMap_normal    B'011000'       ; mapa de los pin del micro: los tres primeros como sali
                            das
                      00023 #define         IOMap_adc               B'111000'       ; mapa de los pin del micro: los tres primeros c
                            omo salidas
                      00024 
                      00025 ;-------------------------------------------------------------------------------------------------------
                            ----
                      00026 ; Otras constantes
                      00027 ; ===============================
                      00028 ;-------------------------------------------------------------------------------------------------------
                            ----
                      00029 #define         tiempo_rojo      30                             ; tiempos distintos de los canales
                      00030 #define         tiempo_verde 37                         ; para obtener todas 
                      00031 #define         tiempo_azul  45                         ; las combinaciones posibles
                      00032 
                      00033 ;-------------------------------------------------------------------------------------------------------
                            ----
                      00034 ; Registros en RAM
                      00035 ; ================
                      00036 ;-------------------------------------------------------------------------------------------------------
                            ----
                      00037 
                      00038         cblock     20H     ; Dummy Origin
                      00039 
  00000020            00040                 intensidad_verde                                ; registro intensidad canal verde       
                                     
  00000021            00041                 intensidad_rojo                                 ; registro intensidad canal rojo        
                                     
  00000022            00042                 intensidad_azul                                 ; registro intensidad canal azul        
                                     
                      00043 
  00000023            00044                 divisor_verde                                   ; divisor canal verde
MPASM  5.35             LEDCAMBIACOLORADC.ASM   8-31-2016  16:14:45         PAGE  2


LOC  OBJECT CODE     LINE SOURCE TEXT
  VALUE

  00000024            00045                 divisor_rojo                                    ; divisor canal rojo
  00000025            00046                 divisor_azul                                    ; divisor canal azul
                      00047 
  00000026            00048                 divisor_general                                 ; divisor general
                      00049 
  00000027            00050                 CountAdcL                                               ; Contador ADC Low
  00000028            00051                 CountAdcH                                               ; Contador ADC High
                      00052 
  00000029            00053                 RegPwm                                                  ; registro PWM para regular la i
                            ntensidad de los tres canales
                      00054                          
  0000002A            00055                 RegFlags                                                ; registro de uso general
                      00056         endc
                      00057 
                      00058 #define aumenta_verde   RegFlags,0              ; flag que indica si el canal verde está aumentando su i
                            ntensidad 
                      00059 #define aumenta_rojo    RegFlags,1              ; flag que indica si el canal rojo está aumentando su in
                            tensidad
                      00060 #define aumenta_azul    RegFlags,2              ; flag que indica si el canal azul está aumentando su in
                            tensidad
                      00061 
                      00062 ;-------------------------------------------------------------------------------------------------------
                            ----
                      00063 ; MACRO cambio pagina de la RAM
                      00064 ; ================================
                      00065 ;-------------------------------------------------------------------------------------------------------
                            ----
                      00066 
                      00067 PAG_RAM0        MACRO
                      00068                         bcf     STATUS,RP0
                      00069                         ENDM
                      00070 
                      00071 PAG_RAM1        MACRO
                      00072                         bsf     STATUS,RP0
                      00073                         ENDM
                      00074 
                      00075 ;-------------------------------------------------------------------------------------------------------
                            ----
                      00076 ;                                       Vector de arranque del micro
                      00077 ;-------------------------------------------------------------------------------------------------------
                            ----
                      00078 
                      00079                 ORG     0
                      00080                         PAG_RAM1
0000   1683               M                         bsf     STATUS,RP0
0001   23FF           00081                         call    3FFh                    ; Ajusta el oscilador a 4MHz
0002   0090           00082                         movwf   OSCCAL                  ; usando el valor que se encuentra en 3FFh
                      00083                         PAG_RAM0
0003   1283               M                         bcf     STATUS,RP0
0004   2???           00084                         goto    main
                      00085 
                      00086 ;-------------------------------------------------------------------------------------------------------
                            ----
                      00087 ;                                       SUBRUTINAS
                      00088 ;-------------------------------------------------------------------------------------------------------
                            ----
                      00089 
                      00090                         ORG     10h                                     ; beginning of program Eprom
                      00091 
                      00092 ;-------------------------------------------------------------------------------------------------------
MPASM  5.35             LEDCAMBIACOLORADC.ASM   8-31-2016  16:14:45         PAGE  3


LOC  OBJECT CODE     LINE SOURCE TEXT
  VALUE

                            ----
                      00093 ;                                       Aumenta o disminuye la intensidad del canal verde
                      00094 ;-------------------------------------------------------------------------------------------------------
                            ----
                      00095 
0010                  00096 OnOffVerde
0010   0BA3           00097                         decfsz  divisor_verde,f         ; divisor para disminuir la velocidad de cambio 
                                    
0011   3400           00098                         retlw   0                                       ; Vuelve al ciclo principal
                      00099 
0012   3025           00100                         movlw   tiempo_verde            ; el divisor se actualiza 
0013   00A3           00101                         movwf   divisor_verde           ; con la constante tiempo_verde
                      00102 
0014   1C2A           00103                         btfss   aumenta_verde           ; canal en fase di aumento de la intensidad?
0015   2???           00104                         goto    DisminuyeVerde          ; No, entonces salta a disminuye                
                                    
0016   0FA0           00105                         incfsz  intensidad_verde,f      ; Si, entonces aumenta la intensidad
0017   3400           00106                         retlw   0                                       ; Vuelve al ciclo principal
0018   102A           00107                         bcf             aumenta_verde           ; La intensidad llegó al máximo, entonce
                            s
0019   03A0           00108                         decf    intensidad_verde,f      ; cambia al modo de disminución
001A   3400           00109                         retlw   0                                       ; Vuelve al ciclo principal
                      00110 
001B                  00111 DisminuyeVerde  
001B   08A0           00112                         movf    intensidad_verde,f      ; Modo de disminución
001C   1903           00113                         btfsc   STATUS,Z                        ; Controla si no llegó al mínimo
001D   2???           00114                         goto    DisminuyeVerdeCambia; Si si, salta para cambiar el modo
001E   03A0           00115                         decf    intensidad_verde,f      ; Disminuye la intensidad
001F   3400           00116                         retlw   0                                       ; Vuelve al ciclo principal
0020                  00117 DisminuyeVerdeCambia
0020   142A           00118                         bsf             aumenta_verde           ; Cambia al modo de aumento
0021   3400           00119                         retlw   0                                       ; Vuelve al ciclo principal
                      00120 
                      00121 
                      00122 ;-------------------------------------------------------------------------------------------------------
                            ----
                      00123 ;                                       Aumenta o disminuye la intensidad del canal rojo
                      00124 ;-------------------------------------------------------------------------------------------------------
                            ----
                      00125 
0022                  00126 OnOffRojo
0022   0BA4           00127                         decfsz  divisor_rojo,f          ; La descripción de esta sub es igual
0023   3400           00128                         retlw   0                                       ; a la del canal verde (OnOffVer
                            de)
                      00129 
0024   301E           00130                         movlw   tiempo_rojo
0025   00A4           00131                         movwf   divisor_rojo
                      00132 
0026   1CAA           00133                         btfss   aumenta_rojo
0027   2???           00134                         goto    DisminuyeRojo                                   
0028   0FA1           00135                         incfsz  intensidad_rojo,f
0029   3400           00136                         retlw   0
002A   10AA           00137                         bcf             aumenta_rojo
002B   03A1           00138                         decf    intensidad_rojo,f
002C   3400           00139                         retlw   0
                      00140 
002D                  00141 DisminuyeRojo   
002D   08A1           00142                         movf    intensidad_rojo,f
002E   1903           00143                         btfsc   STATUS,Z
002F   2???           00144                         goto    DisminuyeRojoCambia
MPASM  5.35             LEDCAMBIACOLORADC.ASM   8-31-2016  16:14:45         PAGE  4


LOC  OBJECT CODE     LINE SOURCE TEXT
  VALUE

0030   03A1           00145                         decf    intensidad_rojo,f
0031   3400           00146                         retlw   0
0032                  00147 DisminuyeRojoCambia
0032   14AA           00148                         bsf             aumenta_rojo
0033   3400           00149                         retlw   0
                      00150 
                      00151 ;-------------------------------------------------------------------------------------------------------
                            ----
                      00152 ;                                       Aumenta o disminuye la intensidad del canal azul
                      00153 ;-------------------------------------------------------------------------------------------------------
                            ----
                      00154 
0034                  00155 OnOffAzul
0034   0BA5           00156                         decfsz  divisor_azul,f          ; La descripción de esta sub es igual           
0035   3400           00157                         retlw   0                                       ; a la del canal verde (OnOffVer
                            de)
                      00158 
0036   302D           00159                         movlw   tiempo_azul
0037   00A5           00160                         movwf   divisor_azul
                      00161 
0038   1D2A           00162                         btfss   aumenta_azul
0039   2???           00163                         goto    DisminuyeAzul                                   
003A   0FA2           00164                         incfsz  intensidad_azul,f
003B   3400           00165                         retlw   0
003C   112A           00166                         bcf             aumenta_azul
003D   03A2           00167                         decf    intensidad_azul,f
003E   3400           00168                         retlw   0
                      00169 
003F                  00170 DisminuyeAzul   
003F   08A2           00171                         movf    intensidad_azul,f
0040   1903           00172                         btfsc   STATUS,Z
0041   2???           00173                         goto    DisminuyeAzulCambia
0042   03A2           00174                         decf    intensidad_azul,f
0043   3400           00175                         retlw   0
0044                  00176 DisminuyeAzulCambia
0044   152A           00177                         bsf             aumenta_azul
0045   3400           00178                         retlw   0
                      00179 
                      00180 ;-------------------------------------------------------------------------------------------------------
                            ----
                      00181 ;                                       Actualiza intensidad de los 3 canales (rojo, verde y azul)
                      00182 ;                                       en base a los registros de intensidad
                      00183 ;-------------------------------------------------------------------------------------------------------
                            ----
0046                  00184 PwmRefresh
0046   0AA9           00185                         incf    RegPwm,f                                ; actualiza la intensidad
0047   0820           00186                         movf    intensidad_verde,W              ; del canal verde
0048   0229           00187                         subwf   RegPwm,W
0049   1C03           00188                         btfss   STATUS,C
004A   1485           00189                         bsf             p_verde
004B   1803           00190                         btfsc   STATUS,C
004C   1085           00191                         bcf             p_verde 
                      00192 
004D   0821           00193                         movf    intensidad_rojo,W               ; actualiza la intensidad
004E   0229           00194                         subwf   RegPwm,W                                ; del canal rojo
004F   1C03           00195                         btfss   STATUS,C
0050   1405           00196                         bsf             p_rojo
0051   1803           00197                         btfsc   STATUS,C
0052   1005           00198                         bcf             p_rojo  
                      00199 
MPASM  5.35             LEDCAMBIACOLORADC.ASM   8-31-2016  16:14:45         PAGE  5


LOC  OBJECT CODE     LINE SOURCE TEXT
  VALUE

0053   0822           00200                         movf    intensidad_azul,W               ; actualiza la intensidad
0054   0229           00201                         subwf   RegPwm,W                                ; del canal azul
0055   1C03           00202                         btfss   STATUS,C
0056   1505           00203                         bsf             p_azul
0057   1803           00204                         btfsc   STATUS,C
0058   1105           00205                         bcf             p_azul  
0059   3400           00206                         retlw   0               
                      00207 
                      00208 ;-------------------------------------------------------------------------------------------- 
                      00209 ; lectura trimmer (ADC)
                      00210 ; =====================
                      00211 ;--------------------------------------------------------------------------------------------           
005A                  00212 ADC             
005A   01A7           00213                 clrf    CountAdcL                       ; Reset contadores ADC
005B   01A8           00214                 clrf    CountAdcH
                      00215                 PAG_RAM1
005C   1683               M                         bsf     STATUS,RP0
005D   3038           00216                 movlw   IOMap_adc               ; Pone el pin ADC como entrada para leer el trimmer 
005E   0085           00217                 movwf   TRISIO 
                      00218                 PAG_RAM0        
005F   1283               M                         bcf     STATUS,RP0
0060                  00219 cicloADC
0060   0064           00220                 clrwdt
0061   2???           00221                 call    PwmRefresh      
0062   1E85           00222                 btfss   p_adc
0063   2???           00223                 goto    finADC
0064   0FA7           00224                 incfsz  CountAdcL,f
0065   2???           00225                 goto    cicloADC
0066   0AA8           00226                 incf    CountAdcH,f
0067   2???           00227                 goto    cicloADC
0068                  00228 finADC
                      00229                 PAG_RAM1
0068   1683               M                         bsf     STATUS,RP0
0069   3018           00230                 movlw   IOMap_normal            ; Pone el pin ADC como salida para permitir
006A   0085           00231                 movwf   TRISIO                          ; que el capacitor se descargue
                      00232                 PAG_RAM0
006B   1283               M                         bcf     STATUS,RP0
006C   1685           00233                 bsf             p_adc
006D   3400           00234                 retlw   0
                      00235 
                      00236 ;-------------------------------------------------------------------------------------------------------
                            ----
                      00237 ;                                       MAIN
                      00238 ;-------------------------------------------------------------------------------------------------------
                            ----
006E                  00239 main            
                      00240                         PAG_RAM1
006E   1683               M                         bsf     STATUS,RP0
006F   3018           00241                         movlw   IOMap_normal                    
0070   0085           00242                         movwf   TRISIO                          ; Set de los puertos como entradas o sal
                            idas 
                      00243 
0071   30E3           00244                         movlw   B'11100011'                     ; RB pull-up on. Prscaler %128 in Watch-
                            Dog (max.time)
0072   0081           00245                         movwf   OPTION_REG                      ; 
                      00246                 
                      00247                         PAG_RAM0
0073   1283               M                         bcf     STATUS,RP0
                      00248 
0074   3007           00249                         movlw   B'00000111'                     ; Set de los puertos como entradas/salid
MPASM  5.35             LEDCAMBIACOLORADC.ASM   8-31-2016  16:14:45         PAGE  6


LOC  OBJECT CODE     LINE SOURCE TEXT
  VALUE

                            as digitales
0075   0099           00250                         movwf   CMCON
                      00251 
0076   138B           00252                         bcf     INTCON,GIE                              ; Ningun interrupt global activa
                            do
0077   130B           00253                         bcf     INTCON,PEIE                             ; Ningun interrupt periférico ac
                            tivado
                      00254 
0078   3025           00255                         movlw   tiempo_verde            ; Carga todos los registros
0079   00A3           00256                         movwf   divisor_verde           ; con los datos necesarios
007A   301E           00257                         movlw   tiempo_rojo                     ; para el correcto funcionamiento
007B   00A4           00258                         movwf   divisor_rojo            ; del circuito
007C   302D           00259                         movlw   tiempo_azul
007D   00A5           00260                         movwf   divisor_azul
007E   01AA           00261                         clrf    RegFlags
007F   01A6           00262                         clrf    divisor_general
0080   01A2           00263                         clrf    intensidad_azul
0081   01A0           00264                         clrf    intensidad_verde
0082   01A1           00265                         clrf    intensidad_rojo
0083   1685           00266                         bsf             p_adc
                      00267                         
                      00268 ;-------------------------------------------------------------------------------------------------------
                            ----
                      00269 ;                               CICLO DE TRABAJO PRINCIPAL
                      00270 ;-------------------------------------------------------------------------------------------------------
                            ----
0084                  00271 Ciclo
0084   0064           00272                         clrwdt                                          ; Watchdog para evitar que el mi
                            cro se pueda bloquear
0085   2???           00273                         call    ADC
0086   0827           00274                         movf    CountAdcL,W
0087   00A6           00275                         movwf   divisor_general
0088                  00276 CicloVerde
0088   2???           00277                         call    PwmRefresh                      ; Actualiza los canales (PWM) 
0089   0BA6           00278                         decfsz  divisor_general,f       ; Ciclo para disminuir la velocidad
008A   2???           00279                         goto    CicloVerde                      ; de la actualizaz
008B   2???           00280                         call    OnOffVerde
008C   0827           00281                         movf    CountAdcL,W
008D   00A6           00282                         movwf   divisor_general 
008E   0064           00283                         clrwdt
008F                  00284 CicloRojo
008F   2???           00285                         call    PwmRefresh
0090   0BA6           00286                         decfsz  divisor_general,f
0091   2???           00287                         goto    CicloRojo
0092   2???           00288                         call    OnOffRojo
0093   0827           00289                         movf    CountAdcL,W
0094   00A6           00290                         movwf   divisor_general
0095   0064           00291                         clrwdt
0096                  00292 CicloAzul
0096   2???           00293                         call    PwmRefresh
0097   0BA6           00294                         decfsz  divisor_general,f
0098   2???           00295                         goto    CicloAzul
0099   2???           00296                         call    OnOffAzul
009A   2???           00297                         goto    Ciclo
                      00298 
                      00299 ;***********************************************************************************************
                      00300 ; Service Interrupt: no se usa
                      00301 ;***********************************************************************************************
009B                  00302 service_int
009B   0009           00303                 retfie
MPASM  5.35             LEDCAMBIACOLORADC.ASM   8-31-2016  16:14:45         PAGE  7


LOC  OBJECT CODE     LINE SOURCE TEXT
  VALUE

                      00304 ;***********************************************************************************************
                      00305                 END
MPASM  5.35             LEDCAMBIACOLORADC.ASM   8-31-2016  16:14:45         PAGE  8


SYMBOL TABLE
  LABEL                             VALUE 

ADC                               0000005A
ADIE                              00000006
ADIF                              00000006
C                                 00000000
CAL0                              00000002
CAL1                              00000003
CAL2                              00000004
CAL3                              00000005
CAL4                              00000006
CAL5                              00000007
CINV                              00000004
CIS                               00000003
CM0                               00000000
CM1                               00000001
CM2                               00000002
CMCON                             00000019
CMIE                              00000003
CMIF                              00000003
COUT                              00000006
Ciclo                             00000084
CicloAzul                         00000096
CicloRojo                         0000008F
CicloVerde                        00000088
CountAdcH                         00000028
CountAdcL                         00000027
DC                                00000001
DisminuyeAzul                     0000003F
DisminuyeAzulCambia               00000044
DisminuyeRojo                     0000002D
DisminuyeRojoCambia               00000032
DisminuyeVerde                    0000001B
DisminuyeVerdeCambia              00000020
EEADR                             0000009B
EECON1                            0000009C
EECON2                            0000009D
EEDAT                             0000009A
EEDATA                            0000009A
EEIE                              00000007
EEIF                              00000007
F                                 00000001
FSR                               00000004
GIE                               00000007
GP0                               00000000
GP1                               00000001
GP2                               00000002
GP3                               00000003
GP4                               00000004
GP5                               00000005
GPIE                              00000003
GPIF                              00000000
GPIO                              00000005
GPIO0                             00000000
GPIO1                             00000001
GPIO2                             00000002
GPIO3                             00000003
GPIO4                             00000004
GPIO5                             00000005
INDF                              00000000
INTCON                            0000000B
INTE                              00000004
MPASM  5.35             LEDCAMBIACOLORADC.ASM   8-31-2016  16:14:45         PAGE  9


SYMBOL TABLE
  LABEL                             VALUE 

INTEDG                            00000006
INTF                              00000001
IOC                               00000096
IOC0                              00000000
IOC1                              00000001
IOC2                              00000002
IOC3                              00000003
IOC4                              00000004
IOC5                              00000005
IOCB                              00000096
IOCB0                             00000000
IOCB1                             00000001
IOCB2                             00000002
IOCB3                             00000003
IOCB4                             00000004
IOCB5                             00000005
IOMap_adc                         B'111000'
IOMap_normal                      B'011000'
IRP                               00000007
NOT_BOD                           00000000
NOT_GPPU                          00000007
NOT_PD                            00000003
NOT_POR                           00000001
NOT_T1SYNC                        00000002
NOT_TO                            00000004
OPTION_REG                        00000081
OSCCAL                            00000090
OnOffAzul                         00000034
OnOffRojo                         00000022
OnOffVerde                        00000010
PAG_RAM0                          
PAG_RAM1                          
PCL                               00000002
PCLATH                            0000000A
PCON                              0000008E
PEIE                              00000006
PIE1                              0000008C
PIR1                              0000000C
PS0                               00000000
PS1                               00000001
PS2                               00000002
PSA                               00000003
PwmRefresh                        00000046
RD                                00000000
RP0                               00000005
RP1                               00000006
RegFlags                          0000002A
RegPwm                            00000029
STATUS                            00000003
T0CS                              00000005
T0IE                              00000005
T0IF                              00000002
T0SE                              00000004
T1CKPS0                           00000004
T1CKPS1                           00000005
T1CON                             00000010
T1IE                              00000000
T1IF                              00000000
T1OSCEN                           00000003
TMR0                              00000001
MPASM  5.35             LEDCAMBIACOLORADC.ASM   8-31-2016  16:14:45         PAGE 10


SYMBOL TABLE
  LABEL                             VALUE 

TMR1CS                            00000001
TMR1GE                            00000006
TMR1H                             0000000F
TMR1IE                            00000000
TMR1IF                            00000000
TMR1L                             0000000E
TMR1ON                            00000000
TRISIO                            00000085
VR0                               00000000
VR1                               00000001
VR2                               00000002
VR3                               00000003
VRCON                             00000099
VREN                              00000007
VRR                               00000005
W                                 00000000
WPU                               00000095
WR                                00000001
WREN                              00000002
WRERR                             00000003
Z                                 00000002
_BODEN_OFF                        00003FBF
_BODEN_ON                         00003FFF
_CPD_OFF                          00003FFF
_CPD_ON                           00003EFF
_CP_OFF                           00003FFF
_CP_ON                            00003F7F
_EC_OSC                           00003FFB
_EXTRC_OSC_CLKOUT                 00003FFF
_EXTRC_OSC_NOCLKOUT               00003FFE
_HS_OSC                           00003FFA
_INTRC_OSC_CLKOUT                 00003FFD
_INTRC_OSC_NOCLKOUT               00003FFC
_LP_OSC                           00003FF8
_MCLRE_OFF                        00003FDF
_MCLRE_ON                         00003FFF
_PWRTE_OFF                        00003FFF
_PWRTE_ON                         00003FEF
_WDT_OFF                          00003FF7
_WDT_ON                           00003FFF
_XT_OSC                           00003FF9
__12F629                          00000001
__DEBUG                           1
aumenta_azul                      RegFlags,2
aumenta_rojo                      RegFlags,1
aumenta_verde                     RegFlags,0
cicloADC                          00000060
divisor_azul                      00000025
divisor_general                   00000026
divisor_rojo                      00000024
divisor_verde                     00000023
finADC                            00000068
intensidad_azul                   00000022
intensidad_rojo                   00000021
intensidad_verde                  00000020
main                              0000006E
p_adc                             GPIO,5
p_azul                            GPIO,2
p_rojo                            GPIO,0
p_verde                           GPIO,1
MPASM  5.35             LEDCAMBIACOLORADC.ASM   8-31-2016  16:14:45         PAGE 11


SYMBOL TABLE
  LABEL                             VALUE 

service_int                       0000009B
tiempo_azul                       45
tiempo_rojo                       30
tiempo_verde                      37

Errors   :     0
Warnings :     0 reported,     0 suppressed
Messages :     0 reported,     5 suppressed

